<?xml version="1.0" encoding="UTF-8"?>
<!-- Generated by org.testng.reporters.JUnitXMLReporter -->
<testsuite hostname="LAPTOP-K2B2454M" ignored="0" name="Default test" tests="3" failures="0" timestamp="2022-10-08T15:30:43 IST" time="121.978" errors="0">
  <testcase name="register" time="24.23" classname="TestNg.AutomateWebApp"/>
  <testcase name="login" time="33.757" classname="TestNg.AutomateWebApp"/>
  <testcase name="search" time="63.905" classname="TestNg.AutomateWebApp"/>
</testsuite> <!-- Default test -->
